This is pdfTeXk, Version 3.1415926-1.40.9 (Web2C 7.5.7) (format=pdflatex 2008.8.22)  18 FEB 2015 14:25
entering extended mode
\write18 enabled.
 %&-line parsing enabled.
**tablet.tex
(./tablet.tex
LaTeX2e <2005/12/01>
Babel <v3.8l> and hyphenation patterns for english, usenglishmax, dumylang, noh
yphenation, german-x-2008-06-18, ngerman-x-2008-06-18, ancientgreek, ibycus, ar
abic, basque, bulgarian, catalan, pinyin, coptic, croatian, czech, danish, dutc
h, esperanto, estonian, farsi, finnish, french, galician, german, ngerman, mono
greek, greek, hungarian, icelandic, indonesian, interlingua, irish, italian, la
tin, mongolian, mongolian2a, bokmal, nynorsk, polish, portuguese, romanian, rus
sian, sanskrit, serbian, slovak, slovenian, spanish, swedish, turkish, ukenglis
h, ukrainian, uppersorbian, welsh, loaded.
(./apa2.cls

LaTeX Warning: You have requested document class `apa2',
               but the document class provides `apa'.

Document Class: apa 2008/12/09 American Psychological Association format v1.3.4


Class apa Warning: apacite not loaded -- User may load BibLaTeX.

(/usr/local/texlive/2008/texmf-dist/tex/latex/base/article.cls
Document Class: article 2005/09/16 v1.4f Standard LaTeX document class
(/usr/local/texlive/2008/texmf-dist/tex/latex/base/size11.clo
File: size11.clo 2005/09/16 v1.4f Standard LaTeX file (size option)
)
\c@part=\count79
\c@section=\count80
\c@subsection=\count81
\c@subsubsection=\count82
\c@paragraph=\count83
\c@subparagraph=\count84
\c@figure=\count85
\c@table=\count86
\abovecaptionskip=\skip41
\belowcaptionskip=\skip42
\bibindent=\dimen102
)
\b@level@one@skip=\skip43
\e@level@one@skip=\skip44
\b@level@two@skip=\skip45
\e@level@two@skip=\skip46
\b@level@three@skip=\skip47
\e@level@three@skip=\skip48
\b@level@four@skip=\skip49
\e@level@four@skip=\skip50
\b@level@five@skip=\skip51
\e@level@five@skip=\skip52
\c@APAenum=\count87
\@text@par@indent=\skip53
\gr@box=\box26
\gr@boxwidth=\skip54
\gr@boxheight=\skip55

(/usr/local/texlive/2008/texmf-dist/tex/latex/tools/bm.sty
Package: bm 2004/02/26 v1.1c Bold Symbol Support (DPC/FMi)
\symboldoperators=\mathgroup4
\symboldletters=\mathgroup5
\symboldsymbols=\mathgroup6
LaTeX Font Info:    Redeclaring math alphabet \mathbf on input line 137.
LaTeX Info: Redefining \bm on input line 203.
)
\c@appendix=\count88
)
(/usr/local/texlive/2008/texmf-dist/tex/latex/ltxmisc/url.sty
\Urlmuskip=\muskip10
Package: url 2006/04/12  ver 3.3  Verb mode for urls, etc.
) (./apacite2.sty

LaTeX Warning: You have requested package `apacite2',
               but the package provides `apacite'.

Package: apacite 2012/02/25 v6.01 APA citation
\c@BibCnt=\count89
\bibleftmargin=\skip56
\bibindent=\skip57
\bibparsep=\skip58
\bibitemsep=\skip59
\biblabelsep=\skip60
) (/usr/local/texlive/2008/texmf-dist/tex/latex/amsfonts/amssymb.sty
Package: amssymb 2002/01/22 v2.2d

(/usr/local/texlive/2008/texmf-dist/tex/latex/amsfonts/amsfonts.sty
Package: amsfonts 2001/10/25 v2.2f
\@emptytoks=\toks14
\symAMSa=\mathgroup7
\symAMSb=\mathgroup8
LaTeX Font Info:    Overwriting math alphabet `\mathfrak' in version `bold'
(Font)                  U/euf/m/n --> U/euf/b/n on input line 132.
))
(/usr/local/texlive/2008/texmf-dist/tex/latex/graphics/graphicx.sty
Package: graphicx 1999/02/16 v1.0f Enhanced LaTeX Graphics (DPC,SPQR)

(/usr/local/texlive/2008/texmf-dist/tex/latex/graphics/keyval.sty
Package: keyval 1999/03/16 v1.13 key=value parser (DPC)
\KV@toks@=\toks15
)
(/usr/local/texlive/2008/texmf-dist/tex/latex/graphics/graphics.sty
Package: graphics 2006/02/20 v1.0o Standard LaTeX Graphics (DPC,SPQR)

(/usr/local/texlive/2008/texmf-dist/tex/latex/graphics/trig.sty
Package: trig 1999/03/16 v1.09 sin cos tan (DPC)
)
(/usr/local/texlive/2008/texmf/tex/latex/config/graphics.cfg
File: graphics.cfg 2007/01/18 v1.5 graphics configuration of teTeX/TeXLive
)
Package graphics Info: Driver file: pdftex.def on input line 90.

(/usr/local/texlive/2008/texmf-dist/tex/latex/pdftex-def/pdftex.def
File: pdftex.def 2008/07/16 v0.04k Graphics/color for pdfTeX
\Gread@gobject=\count90
))
\Gin@req@height=\dimen103
\Gin@req@width=\dimen104
)
No file tablet.aux.
\openout1 = `tablet.aux'.

LaTeX Font Info:    Checking defaults for OML/cmm/m/it on input line 23.
LaTeX Font Info:    ... okay on input line 23.
LaTeX Font Info:    Checking defaults for T1/cmr/m/n on input line 23.
LaTeX Font Info:    ... okay on input line 23.
LaTeX Font Info:    Checking defaults for OT1/cmr/m/n on input line 23.
LaTeX Font Info:    ... okay on input line 23.
LaTeX Font Info:    Checking defaults for OMS/cmsy/m/n on input line 23.
LaTeX Font Info:    ... okay on input line 23.
LaTeX Font Info:    Checking defaults for OMX/cmex/m/n on input line 23.
LaTeX Font Info:    ... okay on input line 23.
LaTeX Font Info:    Checking defaults for U/cmr/m/n on input line 23.
LaTeX Font Info:    ... okay on input line 23.
(/usr/local/texlive/2008/texmf-dist/tex/latex/apa/english.apa
File: english.apa 2006/01/01
)
\c@maskedRefs=\count91

(/usr/local/texlive/2008/texmf-dist/tex/latex/apacite/english.apc
File: english.apc 2007/09/03 v4.00 apacite language file
)
(/usr/local/texlive/2008/texmf-dist/tex/context/base/supp-pdf.tex
[Loading MPS to PDF converter (version 2006.09.02).]
\scratchcounter=\count92
\scratchdimen=\dimen105
\scratchbox=\box27
\nofMPsegments=\count93
\nofMParguments=\count94
\everyMPshowfont=\toks16
\MPscratchCnt=\count95
\MPscratchDim=\dimen106
\MPnumerator=\count96
\everyMPtoPDFconversion=\toks17
)

LaTeX Warning: Citation `frankblogpost' undefined on input line 25.

[1{/usr/local/texlive/2008/texmf-var/fonts/map/pdftex/updmap/pdftex.map}

]
[2]

LaTeX Warning: Citation `rideout2014' undefined on input line 31.


LaTeX Warning: Citation `shuler2012' undefined on input line 31.

[3]

LaTeX Warning: Citation `anderson2005' undefined on input line 39.


LaTeX Warning: Citation `deloache2010' undefined on input line 39.


LaTeX Warning: Citation `kuhl2003' undefined on input line 39.


LaTeX Warning: Citation `brown2011' undefined on input line 39.


LaTeX Warning: Citation `christakis2014' undefined on input line 43.

Missing character: There is no â in font cmr10!
Missing character: There is no € in font cmr10!
Missing character: There is no ™ in font cmr10!

LaTeX Warning: Citation `roseberry2014' undefined on input line 48.


LaTeX Warning: Citation `zack2009' undefined on input line 48.


LaTeX Warning: Citation `bavelier2010' undefined on input line 48.


LaTeX Warning: Citation `rvachew2013' undefined on input line 48.

[4]

LaTeX Warning: Citation `aziz2014' undefined on input line 61.


LaTeX Warning: Citation `cristiainpress' undefined on input line 61.


LaTeX Warning: Citation `aslin2007' undefined on input line 76.


LaTeX Warning: Citation `gredeback2009' undefined on input line 76.


LaTeX Warning: Citation `deligianni2011' undefined on input line 76.

[5]

LaTeX Warning: Citation `fernald1998' undefined on input line 80.


LaTeX Warning: Citation `marchman2008' undefined on input line 80.


LaTeX Warning: Citation `sternberg1969' undefined on input line 80.


LaTeX Warning: Citation `couse2010' undefined on input line 82.

[6]

LaTeX Warning: Citation `cardon2012' undefined on input line 86.


LaTeX Warning: Citation `waddington2014' undefined on input line 86.


LaTeX Warning: Citation `chai2014' undefined on input line 86.


LaTeX Warning: Citation `bertucco2013' undefined on input line 86.

LaTeX Font Info:    Try loading font information for U+msa on input line 88.
(/usr/local/texlive/2008/texmf-dist/tex/latex/amsfonts/umsa.fd
File: umsa.fd 2002/01/19 v2.2g AMS font definitions
)
LaTeX Font Info:    Try loading font information for U+msb on input line 88.

(/usr/local/texlive/2008/texmf-dist/tex/latex/amsfonts/umsb.fd
File: umsb.fd 2002/01/19 v2.2g AMS font definitions
) [7] [8]
<figures/diagram.pdf, id=35, 601.75694pt x 493.083pt>
File: figures/diagram.pdf Graphic file (type pdf)

<use figures/diagram.pdf>

LaTeX Warning: Citation `paolacci2010' undefined on input line 104.


LaTeX Warning: Citation `crump2013' undefined on input line 104.


LaTeX Warning: Reference `fig:diagram' on page 9 undefined on input line 104.

[9 <./figures/diagram.pdf>] [10] [11]

LaTeX Warning: Citation `fernald2006' undefined on input line 138.


LaTeX Warning: Citation `bion2013' undefined on input line 138.


LaTeX Warning: Citation `markman1988' undefined on input line 138.


LaTeX Warning: Reference `tab:demo' on page 12 undefined on input line 155.


LaTeX Warning: Citation `fernald2008' undefined on input line 177.


LaTeX Warning: Citation `fenson1994' undefined on input line 177.


LaTeX Warning: Citation `fenson2007' undefined on input line 177.

[12] [13]

LaTeX Warning: Reference `tab:completion' on page 14 undefined on input line 20
5.

<figures/accuracy.pdf, id=133, 505.89pt x 361.35pt>
File: figures/accuracy.pdf Graphic file (type pdf)
 <use figures/accuracy.pdf>

LaTeX Warning: Reference `fig:accuracy' on page 14 undefined on input line 214.



LaTeX Warning: Citation `jaeger2008' undefined on input line 216.

[14] [15 <./figures/accuracy.pdf>]
<figures/rt_dist.pdf, id=148, 361.35pt x 216.81pt>
File: figures/rt_dist.pdf Graphic file (type pdf)
 <use figures/rt_dist.pdf>

LaTeX Warning: Reference `fig:rtdist' on page 16 undefined on input line 242.


LaTeX Warning: Reference `fig:rtdist' on page 16 undefined on input line 242.

[16 <./figures/rt_dist.pdf>] <figures/rt.pdf, id=157, 505.89pt x 289.08pt>
File: figures/rt.pdf Graphic file (type pdf)

<use figures/rt.pdf>

LaTeX Warning: Reference `fig:rt' on page 17 undefined on input line 253.

[17 <./figures/rt.pdf>]

LaTeX Warning: Citation `bartko1976' undefined on input line 272.

[18]

LaTeX Warning: Reference `tab:reliability' on page 19 undefined on input line 2
74.

[19] [20]
No file tablet.bbl.
(./tablet.aux)

LaTeX Warning: There were undefined references.


LaTeX Warning: Label(s) may have changed. Rerun to get cross-references right.

 ) 
Here is how much of TeX's memory you used:
 2172 strings out of 493886
 26499 string characters out of 1151099
 82378 words of memory out of 3000000
 5426 multiletter control sequences out of 10000+50000
 15784 words of font info for 59 fonts, out of 3000000 for 5000
 714 hyphenation exceptions out of 8191
 29i,8n,24p,1260b,251s stack positions out of 5000i,500n,10000p,200000b,50000s
</usr/local/texlive/2008/texmf-dist/fonts/type1/bluesky/cm/cmbx10.pfb></usr/l
ocal/texlive/2008/texmf-dist/fonts/type1/bluesky/cm/cmmi9.pfb></usr/local/texli
ve/2008/texmf-dist/fonts/type1/bluesky/cm/cmr10.pfb></usr/local/texlive/2008/te
xmf-dist/fonts/type1/bluesky/cm/cmr6.pfb></usr/local/texlive/2008/texmf-dist/fo
nts/type1/bluesky/cm/cmr8.pfb></usr/local/texlive/2008/texmf-dist/fonts/type1/b
luesky/cm/cmr9.pfb></usr/local/texlive/2008/texmf-dist/fonts/type1/bluesky/cm/c
msy9.pfb></usr/local/texlive/2008/texmf-dist/fonts/type1/bluesky/cm/cmti10.pfb>
</usr/local/texlive/2008/texmf-dist/fonts/type1/bluesky/cm/cmtt10.pfb></usr/loc
al/texlive/2008/texmf-dist/fonts/type1/bluesky/cm/cmtt9.pfb>
Output written on tablet.pdf (20 pages, 378272 bytes).
PDF statistics:
 209 PDF objects out of 1000 (max. 8388607)
 0 named destinations out of 1000 (max. 131072)
 21 words of extra memory for PDF output out of 10000 (max. 10000000)

